<?xml version="1.0" encoding="UTF-8"?>
<robot generator="Robot 4.0 (Python 3.7.10 on darwin)" generated="20210331 13:56:38.393" rpa="false" schemaversion="2">
<suite id="s1" name="T1" source="/Users/fatan19928/AnnChang/CUBOCR-main/QuickStartGuide-master/sut/t1.robot">
<test id="s1-t1" name="Valid Login">
<kw name="Open Browser To Login Page">
<kw name="Open Browser" library="Selenium2Library">
<arg>${LOGIN URL}</arg>
<arg>${BROWSER}</arg>
<doc>Opens a new browser instance to the optional ``url``.</doc>
<msg timestamp="20210331 13:56:38.903" level="INFO">Opening browser 'Chrome' to base url 'https://academy.uipath.com/'.</msg>
<status status="PASS" starttime="20210331 13:56:38.902" endtime="20210331 13:56:52.395"/>
</kw>
<kw name="Title Should Be" library="Selenium2Library">
<arg>UiPath Academy</arg>
<doc>Verifies that the current page title equals ``title``.</doc>
<msg timestamp="20210331 13:56:52.411" level="INFO">Page title is 'UiPath Academy'.</msg>
<status status="PASS" starttime="20210331 13:56:52.396" endtime="20210331 13:56:52.412"/>
</kw>
<status status="PASS" starttime="20210331 13:56:38.902" endtime="20210331 13:56:52.413"/>
</kw>
<kw name="Click Login/Sign up">
<kw name="Wait Until Element Is Visible" library="Selenium2Library">
<arg>//div[@class="login-register-btn"]</arg>
<arg>15</arg>
<doc>Waits until the element ``locator`` is visible.</doc>
<status status="PASS" starttime="20210331 13:56:52.416" endtime="20210331 13:56:55.880"/>
</kw>
<kw name="Click Element" library="Selenium2Library">
<arg>//div[@class="login-register-btn"]</arg>
<doc>Click the element identified by ``locator``.</doc>
<msg timestamp="20210331 13:56:55.881" level="INFO">Clicking element '//div[@class="login-register-btn"]'.</msg>
<status status="PASS" starttime="20210331 13:56:55.880" endtime="20210331 13:56:59.581"/>
</kw>
<status status="PASS" starttime="20210331 13:56:52.414" endtime="20210331 13:56:59.582"/>
</kw>
<kw name="Click Login With Email">
<kw name="Wait Until Element Is Enabled" library="Selenium2Library">
<arg>css:p[class="MuiTypography-root jss56 MuiTypography-body1"][data-cy="login-goto-signup"]</arg>
<doc>Waits until the element ``locator`` is enabled.</doc>
<status status="PASS" starttime="20210331 13:56:59.585" endtime="20210331 13:57:00.682"/>
</kw>
<kw name="Click Element" library="Selenium2Library">
<arg>//button[@data-cy="authorize-with-email"]</arg>
<doc>Click the element identified by ``locator``.</doc>
<msg timestamp="20210331 13:57:00.683" level="INFO">Clicking element '//button[@data-cy="authorize-with-email"]'.</msg>
<status status="PASS" starttime="20210331 13:57:00.682" endtime="20210331 13:57:00.799"/>
</kw>
<status status="PASS" starttime="20210331 13:56:59.584" endtime="20210331 13:57:00.800"/>
</kw>
<kw name="Input Username">
<arg>${username}</arg>
<kw name="Wait Until Element Is Visible" library="Selenium2Library">
<arg>css:[name="email"][data-cy="login-email-input"]</arg>
<doc>Waits until the element ``locator`` is visible.</doc>
<status status="PASS" starttime="20210331 13:57:00.802" endtime="20210331 13:57:01.093"/>
</kw>
<kw name="Input Text" library="Selenium2Library">
<arg>css:[name="email"][data-cy="login-email-input"]</arg>
<arg>${username}</arg>
<doc>Types the given ``text`` into the text field identified by ``locator``.</doc>
<msg timestamp="20210331 13:57:01.095" level="INFO">Typing text 'nt87695@cathaybk.com.tw' into text field 'css:[name="email"][data-cy="login-email-input"]'.</msg>
<status status="PASS" starttime="20210331 13:57:01.094" endtime="20210331 13:57:01.565"/>
</kw>
<status status="PASS" starttime="20210331 13:57:00.801" endtime="20210331 13:57:01.566"/>
</kw>
<kw name="Input Password">
<arg>${password}</arg>
<kw name="Input Text" library="Selenium2Library">
<arg>css:[name="password"][data-cy="login-password-input"]</arg>
<arg>${password}</arg>
<doc>Types the given ``text`` into the text field identified by ``locator``.</doc>
<msg timestamp="20210331 13:57:01.569" level="INFO">Typing text 'Aaa123456789.' into text field 'css:[name="password"][data-cy="login-password-input"]'.</msg>
<status status="PASS" starttime="20210331 13:57:01.568" endtime="20210331 13:57:01.777"/>
</kw>
<status status="PASS" starttime="20210331 13:57:01.567" endtime="20210331 13:57:01.777"/>
</kw>
<kw name="Submit Credentials">
<kw name="Click Element" library="Selenium2Library">
<arg>css:button[data-cy="login-button"]</arg>
<doc>Click the element identified by ``locator``.</doc>
<msg timestamp="20210331 13:57:01.780" level="INFO">Clicking element 'css:button[data-cy="login-button"]'.</msg>
<status status="PASS" starttime="20210331 13:57:01.779" endtime="20210331 13:57:01.927"/>
</kw>
<status status="PASS" starttime="20210331 13:57:01.778" endtime="20210331 13:57:01.927"/>
</kw>
<kw name="Welcome Page Should Be Open">
<kw name="Wait Until Element Is Visible" library="Selenium2Library">
<arg>css:.col-sm-12</arg>
<arg>15</arg>
<doc>Waits until the element ``locator`` is visible.</doc>
<msg timestamp="20210331 13:57:12.354" level="INFO">Suppressing StaleElementReferenceException from Selenium.</msg>
<status status="PASS" starttime="20210331 13:57:01.928" endtime="20210331 13:57:12.867"/>
</kw>
<status status="PASS" starttime="20210331 13:57:01.927" endtime="20210331 13:57:12.868"/>
</kw>
<kw name="Close Browser" library="Selenium2Library" type="TEARDOWN">
<doc>Closes the current browser.</doc>
<status status="PASS" starttime="20210331 13:57:12.868" endtime="20210331 13:57:13.077"/>
</kw>
<status status="PASS" starttime="20210331 13:56:38.901" endtime="20210331 13:57:13.078"/>
</test>
<status status="PASS" starttime="20210331 13:56:38.397" endtime="20210331 13:57:13.083"/>
</suite>
<statistics>
<total>
<stat pass="1" fail="0" skip="0">All Tests</stat>
</total>
<tag>
</tag>
<suite>
<stat pass="1" fail="0" skip="0" id="s1" name="T1">T1</stat>
</suite>
</statistics>
<errors>
</errors>
</robot>
